#
# A fatal error has been detected by the Java Runtime Environment:
#
#  EXCEPTION_ACCESS_VIOLATION (0xc0000005) at pc=0x0000022ca70634ac, pid=11996, tid=14688
#
# JRE version: Java(TM) SE Runtime Environment (20.0+36) (build 20+36-2344)
# Java VM: Java HotSpot(TM) 64-Bit Server VM (20+36-2344, mixed mode, emulated-client, sharing, tiered, compressed oops, compressed class ptrs, g1 gc, windows-amd64)
# Problematic frame:
# v  ~BufferBlob::MethodHandles adapters 0x0000022ca70634ac
#
# No core dump will be written. Minidumps are not enabled by default on client versions of Windows
#
# If you would like to submit a bug report, please visit:
#   https://bugreport.java.com/bugreport/crash.jsp
#

---------------  S U M M A R Y ------------

Command Line: -XX:+ShowCodeDetailsInExceptionMessages -agentlib:jdwp=transport=dt_socket,suspend=y,address=localhost:59360 -Dcom.sun.management.jmxremote -Dcom.sun.management.jmxremote.port=59359 -Dcom.sun.management.jmxremote.authenticate=false -Dcom.sun.management.jmxremote.ssl=false -Djava.rmi.server.hostname=localhost -Dspring.jmx.enabled=true -Dmanagement.endpoints.jmx.exposure.include=* -Dspring.application.admin.enabled=true -XX:TieredStopAtLevel=1 -Dspring.boot.project.name=demo -javaagent:C:\Users\Usuario\eclipse\java-2023-03\eclipse\configuration\org.eclipse.osgi\231\0\.cp\lib\javaagent-shaded.jar -Dfile.encoding=UTF-8 com.example.demo.DemoApplication --spring.output.ansi.enabled=always

Host: Intel(R) Core(TM) i5-10400 CPU @ 2.90GHz, 12 cores, 7G,  Windows 10 , 64 bit Build 19041 (10.0.19041.2546)
Time: Wed May 17 12:22:44 2023 Hora de verano romance elapsed time: 27.266706 seconds (0d 0h 0m 27s)

---------------  T H R E A D  ---------------

Current thread (0x0000022cb4ac52a0):  JavaThread "restartedMain" [_thread_in_Java, id=14688, stack(0x0000004209200000,0x0000004209300000)]

Stack: [0x0000004209200000,0x0000004209300000],  sp=0x00000042092fe388,  free space=1016k
Native frames: (J=compiled Java code, j=interpreted, Vv=VM code, C=native code)
C  0x0000022ca70634ac


siginfo: EXCEPTION_ACCESS_VIOLATION (0xc0000005), reading address 0xffffffffffffffff


Registers:
RAX=0x0000022ca702e6ca, RBX=0x8beb31c800000000, RCX=0x00000042092fe390, RDX=0x0000000000000002
RSP=0x00000042092fe388, RBP=0x00000042092fe3d8, RSI=0x0000022cb56da198, RDI=0x0000022cb6540680
R8 =0x0000000000000004, R9 =0x0000000000000004, R10=0x00007ffe1c3c6a60, R11=0x00000008000b8e90
R12=0x0000000000000000, R13=0x00000042092fe388, R14=0x00000042092fe3f8, R15=0x0000022cb4ac52a0
RIP=0x0000022ca70634ac, EFLAGS=0x0000000000010202


Register to memory mapping:

RIP=0x0000022ca70634ac is at begin+68 in a stub
MethodHandle::interpreter_entry::_linkToSpecial [0x0000022ca7063468, 0x0000022ca70634b7] (79 bytes)
RAX=0x0000022ca702e6ca is at code_begin+3018 in an Interpreter codelet
return entry points  [0x0000022ca702db00, 0x0000022ca702f888]  7560 bytes
RBX=0x8beb31c800000000 is an unknown value
RCX=0x00000042092fe390 is pointing into the stack for thread: 0x0000022cb4ac52a0
RDX=0x0000000000000002 is an unknown value
RSP=0x00000042092fe388 is pointing into the stack for thread: 0x0000022cb4ac52a0
RBP=0x00000042092fe3d8 is pointing into the stack for thread: 0x0000022cb4ac52a0
RSI=0x0000022cb56da198 points into unknown readable memory: 0x80001a0081b4ff8f | 8f ff b4 81 00 1a 00 80
RDI=0x0000022cb6540680 points into unknown readable memory: 0x0000001800000070 | 70 00 00 00 18 00 00 00
R8 =0x0000000000000004 is an unknown value
R9 =0x0000000000000004 is an unknown value
R10=0x00007ffe1c3c6a60 jvm.dll
R11={method} {0x00000008000b8e98} 'newInvokeSpecial' '(Ljava/lang/Object;)Ljava/lang/Object;' in 'java/lang/invoke/DirectMethodHandle$Holder'
R12=0x0 is NULL
R13=0x00000042092fe388 is pointing into the stack for thread: 0x0000022cb4ac52a0
R14=0x00000042092fe3f8 is pointing into the stack for thread: 0x0000022cb4ac52a0
R15=0x0000022cb4ac52a0 is a thread


Top of Stack: (sp=0x00000042092fe388)
0x00000042092fe388:   0000022ca702e6ca 00000042092fe390
0x00000042092fe398:   0000000800722977 00000042092fe3f8
0x00000042092fe3a8:   00000008000b4350 00000042092fe768
0x00000042092fe3b8:   00000000865aeea8 00000008000b8e90
0x00000042092fe3c8:   00000042092fe388 00000042092fe400
0x00000042092fe3d8:   00000042092fe768 0000022ca731e275
0x00000042092fe3e8:   000000008beb30d0 000000008beb3178
0x00000042092fe3f8:   000000008beb3130 000000008beb2ee0
0x00000042092fe408:   0000022ca765fe54 00000042092fe768
0x00000042092fe418:   0000022ca790386c 000000080161cc08
0x00000042092fe428:   00007ffe1bf24989 0000022cb22d5c48
0x00000042092fe438:   0000022cb4ac52a0 0000000086090101
0x00000042092fe448:   000000008beb2880 0000022cb4ac5200
0x00000042092fe458:   00007ffe1bbcbd6e 0000022cb4ac52a0
0x00000042092fe468:   0000022cb4ac52a0 0000000000000004
0x00000042092fe478:   0000000086592150 0000000086828798
0x00000042092fe488:   000000008beb2d98 000000008beb2d98
0x00000042092fe498:   000000008beb2ee0 000000008beb3160
0x00000042092fe4a8:   000000008beb2f38 0000000086828798
0x00000042092fe4b8:   0000000000000001 00000042092fe768
0x00000042092fe4c8:   0000000000000000 0000000000000000
0x00000042092fe4d8:   0000000000000000 000000008beb3130
0x00000042092fe4e8:   0000022ca732253c 0000000000000000
0x00000042092fe4f8:   0000000000000000 0000000000000000
0x00000042092fe508:   0000000000000000 0000022cb4ac52a0
0x00000042092fe518:   0000000000000000 000000008beb2ee0
0x00000042092fe528:   0000000000000000 000000008beb2d98
0x00000042092fe538:   000000008beb3160 000000008beb2ee0
0x00000042092fe548:   0000000000000000 00000042092fe700
0x00000042092fe558:   0000022ca731d8fc 00000042092fe768
0x00000042092fe568:   0000022ca731c794 0000000000000000
0x00000042092fe578:   0000022ca7297189 0000022cb4ac52a0 

Instructions: (pc=0x0000022ca70634ac)
0x0000022ca70633ac:   8b 59 14 8b 5b 28 8b 5b 24 48 8b 5b 10 48 85 db
0x0000022ca70633bc:   0f 84 10 00 00 00 41 80 bf 08 05 00 00 00 74 03
0x0000022ca70633cc:   ff 63 38 ff 63 50 e9 a9 16 00 00 66 0f 1f 84 00
0x0000022ca70633dc:   00 00 00 00 48 8b 53 08 0f b7 52 2c 48 8b 0c d4
0x0000022ca70633ec:   58 5b 50 44 8b 51 08 49 bb 00 00 00 00 08 00 00
0x0000022ca70633fc:   00 4d 03 d3 4c 8b 5b 10 4b 8b 9c da c0 01 00 00
0x0000022ca706340c:   48 85 db 0f 84 10 00 00 00 41 80 bf 08 05 00 00
0x0000022ca706341c:   00 74 03 ff 63 38 ff 63 50 e9 56 16 00 00 66 66
0x0000022ca706342c:   66 0f 1f 84 00 00 00 00 00 66 66 66 90 0f 1f 80
0x0000022ca706343c:   00 00 00 00 58 5b 50 8b 5b 24 48 8b 5b 10 48 85
0x0000022ca706344c:   db 0f 84 10 00 00 00 41 80 bf 08 05 00 00 00 74
0x0000022ca706345c:   03 ff 63 38 ff 63 50 e9 18 16 00 00 66 66 66 0f
0x0000022ca706346c:   1f 84 00 00 00 00 00 66 66 66 90 66 0f 1f 84 00
0x0000022ca706347c:   00 00 00 00 48 8b 53 08 0f b7 52 2c 48 8b 0c d4
0x0000022ca706348c:   58 5b 50 48 3b 01 8b 5b 24 48 8b 5b 10 48 85 db
0x0000022ca706349c:   0f 84 10 00 00 00 41 80 bf 08 05 00 00 00 74 03
0x0000022ca70634ac:   ff 63 38 ff 63 50 e9 c9 15 00 00 66 0f 1f 84 00
0x0000022ca70634bc:   00 00 00 00 48 8b 53 08 0f b7 52 2c 48 8b 0c d4
0x0000022ca70634cc:   58 5b 50 44 8b 51 08 49 bb 00 00 00 00 08 00 00
0x0000022ca70634dc:   00 4d 03 d3 8b 43 18 48 8b 40 10 48 8b 5b 10 45
0x0000022ca70634ec:   8b 9a a0 00 00 00 4f 8d 9c da c0 01 00 00 4d 8d
0x0000022ca70634fc:   14 da 49 8b 1b 48 3b c3 74 15 48 85 db 0f 84 32
0x0000022ca706350c:   00 00 00 49 83 c3 10 49 8b 1b 48 3b c3 75 eb 45
0x0000022ca706351c:   8b 5b 08 4b 8b 1c 1a 48 85 db 0f 84 10 00 00 00
0x0000022ca706352c:   41 80 bf 08 05 00 00 00 74 03 ff 63 38 ff 63 50
0x0000022ca706353c:   e9 3f 15 00 00 e9 3a 12 00 00 f4 00 00 00 00 00
0x0000022ca706354c:   00 00 00 00 00 00 00 00 00 00 00 00 00 00 00 00
0x0000022ca706355c:   00 00 00 00 00 00 00 00 00 00 00 00 00 00 00 00
0x0000022ca706356c:   00 00 00 00 00 00 00 00 00 00 00 00 00 00 00 00
0x0000022ca706357c:   00 00 00 00 00 00 00 00 00 00 00 00 00 00 00 00
0x0000022ca706358c:   00 00 00 00 00 00 00 00 00 00 00 00 00 00 00 00
0x0000022ca706359c:   00 00 00 00 00 00 00 00 00 00 00 00 00 00 00 00 


Stack slot to memory mapping:
stack at sp + 0 slots: 0x0000022ca702e6ca is at code_begin+3018 in an Interpreter codelet
return entry points  [0x0000022ca702db00, 0x0000022ca702f888]  7560 bytes
stack at sp + 1 slots: 0x00000042092fe390 is pointing into the stack for thread: 0x0000022cb4ac52a0
stack at sp + 2 slots: 0x0000000800722977 is pointing into metadata
stack at sp + 3 slots: 0x00000042092fe3f8 is pointing into the stack for thread: 0x0000022cb4ac52a0
stack at sp + 4 slots: 0x00000008000b4350 is pointing into metadata
stack at sp + 5 slots: 0x00000042092fe768 is pointing into the stack for thread: 0x0000022cb4ac52a0
stack at sp + 6 slots: 0x00000000865aeea8 is an oop: java.lang.Class 
{0x00000000865aeea8} - klass: 'java/lang/Class'
 - ---- fields (total size 14 words):
 - private volatile transient 'classRedefinedCount' 'I' @12  0 (0x00000000)
 - abstract internal 'klass' 'J' @16  34360475432 (0x00000008000b3f28)
 - abstract internal 'array_klass' 'J' @24  0 (0x0000000000000000)
 - abstract internal 'oop_size' 'I' @32  14 (0x0000000e)
 - abstract internal 'static_oop_field_count' 'I' @36  0 (0x00000000)
 - private volatile transient 'cachedConstructor' 'Ljava/lang/reflect/Constructor;' @40  NULL (0x00000000)
 - private transient 'name' 'Ljava/lang/String;' @44  NULL (0x00000000)
 - private transient 'module' 'Ljava/lang/Module;' @48  a 'java/lang/Module'{0x00000000865d1e18} (0x865d1e18)
 - private final 'classLoader' 'Ljava/lang/ClassLoader;' @52  NULL (0x00000000)
 - private transient 'classData' 'Ljava/lang/Object;' @56  NULL (0x00000000)
 - private transient 'packageName' 'Ljava/lang/String;' @60  NULL (0x00000000)
 - private final 'componentType' 'Ljava/lang/Class;' @64  NULL (0x00000000)
 - private volatile transient 'reflectionData' 'Ljava/lang/ref/SoftReference;' @68  NULL (0x00000000)
 - private volatile transient 'genericInfo' 'Lsun/reflect/generics/repository/ClassRepository;' @72  NULL (0x00000000)
 - private volatile transient 'enumConstants' '[Ljava/lang/Object;' @76  NULL (0x00000000)
 - private volatile transient 'enumConstantDirectory' 'Ljava/util/Map;' @80  NULL (0x00000000)
 - private volatile transient 'annotationData' 'Ljava/lang/Class$AnnotationData;' @84  NULL (0x00000000)
 - private volatile transient 'annotationType' 'Lsun/reflect/annotation/AnnotationType;' @88  NULL (0x00000000)
 - transient 'classValueMap' 'Ljava/lang/ClassValue$ClassValueMap;' @92  NULL (0x00000000)
 - abstract internal 'protection_domain' 'Ljava/lang/Object;' @96  NULL (0x00000000)
 - abstract internal 'signers_name' 'Ljava/lang/Object;' @100  NULL (0x00000000)
 - abstract internal 'source_file' 'Ljava/lang/Object;' @104  NULL (0x00000000)
 - signature: Ljava/lang/invoke/DirectMethodHandle$Holder;
 - ---- static fields (0):
stack at sp + 7 slots: {method} {0x00000008000b8e98} 'newInvokeSpecial' '(Ljava/lang/Object;)Ljava/lang/Object;' in 'java/lang/invoke/DirectMethodHandle$Holder'

MethodHandle::interpreter_entry::_linkToSpecial [0x0000022ca7063468, 0x0000022ca70634b7] (79 bytes)
[MachCode]
  0x0000022ca7063468: 6666 660f | 1f84 0000 | 0000 0066 | 6666 9066 | 0f1f 8400 | 0000 0000 | 488b 5308 | 0fb7 522c 
  0x0000022ca7063488: 488b 0cd4 | 585b 5048 | 3b01 8b5b | 2448 8b5b | 1048 85db | 0f84 1000 | 0000 4180 | bf08 0500 
  0x0000022ca70634a8: 0000 7403 | ff63 38ff | 6350 e9c9 | 
[/MachCode]

---------------  P R O C E S S  ---------------

Threads class SMR info:
_java_thread_list=0x0000022cb65e84b0, length=27, elements={
0x0000022c9ef5b530, 0x0000022cafa17c80, 0x0000022cafa18880, 0x0000022cafa197e0,
0x0000022cafa1a3e0, 0x0000022cafa1bd30, 0x0000022cafa24680, 0x0000022cafa2a4d0,
0x0000022caf9e3f10, 0x0000022cb3d206c0, 0x0000022cb3d23050, 0x0000022cb3d235b0,
0x0000022cb44b6960, 0x0000022cb45ec180, 0x0000022cb45fa3b0, 0x0000022cb46874b0,
0x0000022cb4ac4d50, 0x0000022cb4ac52a0, 0x0000022cb4e73f70, 0x0000022cb4e8a060,
0x0000022cb4e9e5a0, 0x0000022cb4e9eaf0, 0x0000022cb4e9d5b0, 0x0000022cb4e9db00,
0x0000022cb4e9d060, 0x0000022cb4e9fae0, 0x0000022cb4e9c5c0
}

Java Threads: ( => current thread )
  0x0000022c9ef5b530 JavaThread "main" [_thread_blocked, id=8680, stack(0x0000004206e00000,0x0000004206f00000)]
  0x0000022cafa17c80 JavaThread "Reference Handler" daemon [_thread_blocked, id=11048, stack(0x0000004207500000,0x0000004207600000)]
  0x0000022cafa18880 JavaThread "Finalizer" daemon [_thread_blocked, id=9664, stack(0x0000004207600000,0x0000004207700000)]
  0x0000022cafa197e0 JavaThread "Signal Dispatcher" daemon [_thread_blocked, id=14324, stack(0x0000004207700000,0x0000004207800000)]
  0x0000022cafa1a3e0 JavaThread "Attach Listener" daemon [_thread_blocked, id=5632, stack(0x0000004207800000,0x0000004207900000)]
  0x0000022cafa1bd30 JavaThread "Service Thread" daemon [_thread_blocked, id=12800, stack(0x0000004207900000,0x0000004207a00000)]
  0x0000022cafa24680 JavaThread "Monitor Deflation Thread" daemon [_thread_blocked, id=11000, stack(0x0000004207a00000,0x0000004207b00000)]
  0x0000022cafa2a4d0 JavaThread "C1 CompilerThread0" daemon [_thread_blocked, id=4580, stack(0x0000004207b00000,0x0000004207c00000)]
  0x0000022caf9e3f10 JavaThread "Common-Cleaner" daemon [_thread_blocked, id=14176, stack(0x0000004207c00000,0x0000004207d00000)]
  0x0000022cb3d206c0 JavaThread "JDWP Transport Listener: dt_socket" daemon [_thread_blocked, id=9420, stack(0x0000004207e00000,0x0000004207f00000)]
  0x0000022cb3d23050 JavaThread "JDWP Event Helper Thread" daemon [_thread_blocked, id=10844, stack(0x0000004207f00000,0x0000004208000000)]
  0x0000022cb3d235b0 JavaThread "JDWP Command Reader" daemon [_thread_in_native, id=1184, stack(0x0000004208000000,0x0000004208100000)]
  0x0000022cb44b6960 JavaThread "Notification Thread" daemon [_thread_blocked, id=11116, stack(0x0000004208100000,0x0000004208200000)]
  0x0000022cb45ec180 JavaThread "RMI TCP Accept-0" daemon [_thread_in_native, id=11784, stack(0x0000004208400000,0x0000004208500000)]
  0x0000022cb45fa3b0 JavaThread "RMI TCP Accept-59359" daemon [_thread_in_native, id=676, stack(0x0000004208500000,0x0000004208600000)]
  0x0000022cb46874b0 JavaThread "RMI TCP Accept-0" daemon [_thread_in_native, id=10132, stack(0x0000004208600000,0x0000004208700000)]
  0x0000022cb4ac4d50 JavaThread "Thread-0" [_thread_blocked, id=5904, stack(0x0000004209100000,0x0000004209200000)]
=>0x0000022cb4ac52a0 JavaThread "restartedMain" [_thread_in_Java, id=14688, stack(0x0000004209200000,0x0000004209300000)]
  0x0000022cb4e73f70 JavaThread "RMI TCP Connection(1)-127.0.0.1" daemon [_thread_in_native, id=5276, stack(0x0000004209300000,0x0000004209400000)]
  0x0000022cb4e8a060 JavaThread "RMI Scheduler(0)" daemon [_thread_blocked, id=7852, stack(0x0000004209400000,0x0000004209500000)]
  0x0000022cb4e9e5a0 JavaThread "RMI TCP Connection(2)-127.0.0.1" daemon [_thread_blocked, id=5464, stack(0x0000004209500000,0x0000004209600000)]
  0x0000022cb4e9eaf0 JavaThread "JMX server connection timeout 43" daemon [_thread_blocked, id=9144, stack(0x0000004209600000,0x0000004209700000)]
  0x0000022cb4e9d5b0 JavaThread "Catalina-utility-1" [_thread_blocked, id=14072, stack(0x0000004209700000,0x0000004209800000)]
  0x0000022cb4e9db00 JavaThread "Catalina-utility-2" [_thread_blocked, id=2204, stack(0x0000004209a00000,0x0000004209b00000)]
  0x0000022cb4e9d060 JavaThread "container-0" [_thread_blocked, id=3696, stack(0x0000004209b00000,0x0000004209c00000)]
  0x0000022cb4e9fae0 JavaThread "mysql-cj-abandoned-connection-cleanup" daemon [_thread_blocked, id=15260, stack(0x0000004209c00000,0x0000004209d00000)]
  0x0000022cb4e9c5c0 JavaThread "HikariPool-1 housekeeper" daemon [_thread_blocked, id=1920, stack(0x0000004209e00000,0x0000004209f00000)]

Other Threads:
  0x0000022caf9fa830 VMThread "VM Thread" [stack: 0x0000004207400000,0x0000004207500000] [id=4600] _threads_hazard_ptr=0x0000022cb65e84b0
  0x0000022cb4687a00 WatcherThread "VM Periodic Task Thread" [stack: 0x0000004208700000,0x0000004208800000] [id=7688]
  0x0000022c9efb8640 WorkerThread "GC Thread#0" [stack: 0x0000004206f00000,0x0000004207000000] [id=624]
  0x0000022cb46febc0 WorkerThread "GC Thread#1" [stack: 0x0000004208800000,0x0000004208900000] [id=6188]
  0x0000022cb46e1e80 WorkerThread "GC Thread#2" [stack: 0x0000004208900000,0x0000004208a00000] [id=6292]
  0x0000022cb46e25b0 WorkerThread "GC Thread#3" [stack: 0x0000004208a00000,0x0000004208b00000] [id=6852]
  0x0000022cb46e3960 WorkerThread "GC Thread#4" [stack: 0x0000004208b00000,0x0000004208c00000] [id=13860]
  0x0000022cb46e2880 WorkerThread "GC Thread#5" [stack: 0x0000004208c00000,0x0000004208d00000] [id=14308]
  0x0000022cb46e41d0 WorkerThread "GC Thread#6" [stack: 0x0000004208d00000,0x0000004208e00000] [id=3124]
  0x0000022cb46e2b50 WorkerThread "GC Thread#7" [stack: 0x0000004208e00000,0x0000004208f00000] [id=12488]
  0x0000022cb46e3c30 WorkerThread "GC Thread#8" [stack: 0x0000004208f00000,0x0000004209000000] [id=8980]
  0x0000022cb46e2e20 WorkerThread "GC Thread#9" [stack: 0x0000004209000000,0x0000004209100000] [id=3616]
  0x0000022c9efcb180 ConcurrentGCThread "G1 Main Marker" [stack: 0x0000004207000000,0x0000004207100000] [id=1772]
  0x0000022c9efcbac0 WorkerThread "G1 Conc#0" [stack: 0x0000004207100000,0x0000004207200000] [id=8808]
  0x0000022cb46e3f00 WorkerThread "G1 Conc#1" [stack: 0x0000004209800000,0x0000004209900000] [id=6080]
  0x0000022cb54c0100 WorkerThread "G1 Conc#2" [stack: 0x0000004209900000,0x0000004209a00000] [id=9048]
  0x0000022c9f01ebc0 ConcurrentGCThread "G1 Refine#0" [stack: 0x0000004207200000,0x0000004207300000] [id=11932]
  0x0000022caf8b9760 ConcurrentGCThread "G1 Service" [stack: 0x0000004207300000,0x0000004207400000] [id=8952]

Threads with active compile tasks:

VM state: synchronizing (normal execution)

VM Mutex/Monitor currently owned by a thread:  ([mutex/lock_event])
[0x0000022c9ef540f0] Threads_lock - owner thread: 0x0000022caf9fa830

Heap address: 0x0000000086200000, size: 1950 MB, Compressed Oops mode: 32-bit

CDS archive(s) mapped at: [0x0000000800000000-0x0000000800c60000-0x0000000800c60000), size 12976128, SharedBaseAddress: 0x0000000800000000, ArchiveRelocationMode: 0.
Compressed class space mapped at: 0x0000000801000000-0x0000000841000000, reserved size: 1073741824
Narrow klass base: 0x0000000800000000, Narrow klass shift: 0, Narrow klass range: 0x100000000

GC Precious Log:
 CardTable entry size: 512
 Card Set container configuration: InlinePtr #cards 5 size 8 Array Of Cards #cards 12 size 40 Howl #buckets 4 coarsen threshold 1843 Howl Bitmap #cards 512 size 80 coarsen threshold 460 Card regions per heap region 1 cards per card region 2048
 CPUs: 12 total, 12 available
 Memory: 7795M
 Large Page Support: Disabled
 NUMA Support: Disabled
 Compressed Oops: Enabled (32-bit)
 Heap Region Size: 1M
 Heap Min Capacity: 8M
 Heap Initial Capacity: 122M
 Heap Max Capacity: 1950M
 Pre-touch: Disabled
 Parallel Workers: 10
 Concurrent Workers: 3
 Concurrent Refinement Workers: 10
 Periodic GC: Disabled

Heap:
 garbage-first heap   total 70656K, used 27890K [0x0000000086200000, 0x0000000100000000)
  region size 1024K, 10 young (10240K), 3 survivors (3072K)
 Metaspace       used 45073K, committed 45696K, reserved 1114112K
  class space    used 6048K, committed 6336K, reserved 1048576K

Heap Regions: E=young(eden), S=young(survivor), O=old, HS=humongous(starts), HC=humongous(continues), CS=collection set, F=free, OA=open archive, CA=closed archive, TAMS=top-at-mark-start, PB=parsable bottom
|   0|0x0000000086200000, 0x0000000086300000, 0x0000000086300000|100%|HS|  |TAMS 0x0000000086200000| PB 0x0000000086200000| Complete 
|   1|0x0000000086300000, 0x0000000086400000, 0x0000000086400000|100%| O|  |TAMS 0x0000000086300000| PB 0x0000000086300000| Untracked 
|   2|0x0000000086400000, 0x0000000086500000, 0x0000000086500000|100%| O|  |TAMS 0x0000000086400000| PB 0x0000000086400000| Untracked 
|   3|0x0000000086500000, 0x0000000086600000, 0x0000000086600000|100%| O|  |TAMS 0x0000000086500000| PB 0x0000000086500000| Untracked 
|   4|0x0000000086600000, 0x0000000086700000, 0x0000000086700000|100%| O|  |TAMS 0x0000000086600000| PB 0x0000000086600000| Untracked 
|   5|0x0000000086700000, 0x0000000086800000, 0x0000000086800000|100%| O|  |TAMS 0x0000000086700000| PB 0x0000000086700000| Untracked 
|   6|0x0000000086800000, 0x0000000086900000, 0x0000000086900000|100%| O|  |TAMS 0x0000000086800000| PB 0x0000000086800000| Untracked 
|   7|0x0000000086900000, 0x0000000086a00000, 0x0000000086a00000|100%| O|  |TAMS 0x0000000086900000| PB 0x0000000086900000| Untracked 
|   8|0x0000000086a00000, 0x0000000086b00000, 0x0000000086b00000|100%| O|  |TAMS 0x0000000086a00000| PB 0x0000000086a00000| Untracked 
|   9|0x0000000086b00000, 0x0000000086c00000, 0x0000000086c00000|100%| O|  |TAMS 0x0000000086b00000| PB 0x0000000086b00000| Untracked 
|  10|0x0000000086c00000, 0x0000000086c3c800, 0x0000000086d00000| 23%| O|  |TAMS 0x0000000086c00000| PB 0x0000000086c00000| Untracked 
|  11|0x0000000086d00000, 0x0000000086e00000, 0x0000000086e00000|100%| O|  |TAMS 0x0000000086d00000| PB 0x0000000086d00000| Untracked 
|  12|0x0000000086e00000, 0x0000000086f00000, 0x0000000086f00000|100%| O|  |TAMS 0x0000000086e00000| PB 0x0000000086e00000| Untracked 
|  13|0x0000000086f00000, 0x0000000087000000, 0x0000000087000000|100%| O|  |TAMS 0x0000000086f00000| PB 0x0000000086f00000| Untracked 
|  14|0x0000000087000000, 0x0000000087100000, 0x0000000087100000|100%| O|  |TAMS 0x0000000087000000| PB 0x0000000087000000| Untracked 
|  15|0x0000000087100000, 0x0000000087200000, 0x0000000087200000|100%| O|  |TAMS 0x0000000087100000| PB 0x0000000087100000| Untracked 
|  16|0x0000000087200000, 0x0000000087300000, 0x0000000087300000|100%| O|  |TAMS 0x0000000087200000| PB 0x0000000087200000| Untracked 
|  17|0x0000000087300000, 0x0000000087400000, 0x0000000087400000|100%| O|  |TAMS 0x0000000087300000| PB 0x0000000087300000| Untracked 
|  18|0x0000000087400000, 0x0000000087500000, 0x0000000087500000|100%| O|  |TAMS 0x0000000087400000| PB 0x0000000087400000| Untracked 
|  19|0x0000000087500000, 0x0000000087500000, 0x0000000087600000|  0%| F|  |TAMS 0x0000000087500000| PB 0x0000000087500000| Untracked 
|  20|0x0000000087600000, 0x0000000087600000, 0x0000000087700000|  0%| F|  |TAMS 0x0000000087600000| PB 0x0000000087600000| Untracked 
|  21|0x0000000087700000, 0x0000000087700000, 0x0000000087800000|  0%| F|  |TAMS 0x0000000087700000| PB 0x0000000087700000| Untracked 
|  22|0x0000000087800000, 0x0000000087800000, 0x0000000087900000|  0%| F|  |TAMS 0x0000000087800000| PB 0x0000000087800000| Untracked 
|  23|0x0000000087900000, 0x0000000087900000, 0x0000000087a00000|  0%| F|  |TAMS 0x0000000087900000| PB 0x0000000087900000| Untracked 
|  24|0x0000000087a00000, 0x0000000087a00000, 0x0000000087b00000|  0%| F|  |TAMS 0x0000000087a00000| PB 0x0000000087a00000| Untracked 
|  25|0x0000000087b00000, 0x0000000087b00000, 0x0000000087c00000|  0%| F|  |TAMS 0x0000000087b00000| PB 0x0000000087b00000| Untracked 
|  26|0x0000000087c00000, 0x0000000087d00000, 0x0000000087d00000|100%| S|CS|TAMS 0x0000000087c00000| PB 0x0000000087c00000| Complete 
|  27|0x0000000087d00000, 0x0000000087e00000, 0x0000000087e00000|100%| S|CS|TAMS 0x0000000087d00000| PB 0x0000000087d00000| Complete 
|  28|0x0000000087e00000, 0x0000000087e00000, 0x0000000087f00000|  0%| F|  |TAMS 0x0000000087e00000| PB 0x0000000087e00000| Untracked 
|  29|0x0000000087f00000, 0x0000000087f00000, 0x0000000088000000|  0%| F|  |TAMS 0x0000000087f00000| PB 0x0000000087f00000| Untracked 
|  30|0x0000000088000000, 0x0000000088000000, 0x0000000088100000|  0%| F|  |TAMS 0x0000000088000000| PB 0x0000000088000000| Untracked 
|  31|0x0000000088100000, 0x0000000088200000, 0x0000000088200000|100%| S|CS|TAMS 0x0000000088100000| PB 0x0000000088100000| Complete 
|  32|0x0000000088200000, 0x0000000088200000, 0x0000000088300000|  0%| F|  |TAMS 0x0000000088200000| PB 0x0000000088200000| Untracked 
|  33|0x0000000088300000, 0x0000000088300000, 0x0000000088400000|  0%| F|  |TAMS 0x0000000088300000| PB 0x0000000088300000| Untracked 
|  34|0x0000000088400000, 0x0000000088400000, 0x0000000088500000|  0%| F|  |TAMS 0x0000000088400000| PB 0x0000000088400000| Untracked 
|  35|0x0000000088500000, 0x0000000088500000, 0x0000000088600000|  0%| F|  |TAMS 0x0000000088500000| PB 0x0000000088500000| Untracked 
|  36|0x0000000088600000, 0x0000000088600000, 0x0000000088700000|  0%| F|  |TAMS 0x0000000088600000| PB 0x0000000088600000| Untracked 
|  37|0x0000000088700000, 0x0000000088700000, 0x0000000088800000|  0%| F|  |TAMS 0x0000000088700000| PB 0x0000000088700000| Untracked 
|  38|0x0000000088800000, 0x0000000088800000, 0x0000000088900000|  0%| F|  |TAMS 0x0000000088800000| PB 0x0000000088800000| Untracked 
|  39|0x0000000088900000, 0x0000000088900000, 0x0000000088a00000|  0%| F|  |TAMS 0x0000000088900000| PB 0x0000000088900000| Untracked 
|  40|0x0000000088a00000, 0x0000000088a00000, 0x0000000088b00000|  0%| F|  |TAMS 0x0000000088a00000| PB 0x0000000088a00000| Untracked 
|  41|0x0000000088b00000, 0x0000000088b00000, 0x0000000088c00000|  0%| F|  |TAMS 0x0000000088b00000| PB 0x0000000088b00000| Untracked 
|  42|0x0000000088c00000, 0x0000000088c00000, 0x0000000088d00000|  0%| F|  |TAMS 0x0000000088c00000| PB 0x0000000088c00000| Untracked 
|  43|0x0000000088d00000, 0x0000000088d00000, 0x0000000088e00000|  0%| F|  |TAMS 0x0000000088d00000| PB 0x0000000088d00000| Untracked 
|  44|0x0000000088e00000, 0x0000000088e00000, 0x0000000088f00000|  0%| F|  |TAMS 0x0000000088e00000| PB 0x0000000088e00000| Untracked 
|  45|0x0000000088f00000, 0x0000000088f00000, 0x0000000089000000|  0%| F|  |TAMS 0x0000000088f00000| PB 0x0000000088f00000| Untracked 
|  46|0x0000000089000000, 0x0000000089000000, 0x0000000089100000|  0%| F|  |TAMS 0x0000000089000000| PB 0x0000000089000000| Untracked 
|  47|0x0000000089100000, 0x0000000089100000, 0x0000000089200000|  0%| F|  |TAMS 0x0000000089100000| PB 0x0000000089100000| Untracked 
|  48|0x0000000089200000, 0x0000000089200000, 0x0000000089300000|  0%| F|  |TAMS 0x0000000089200000| PB 0x0000000089200000| Untracked 
|  49|0x0000000089300000, 0x0000000089300000, 0x0000000089400000|  0%| F|  |TAMS 0x0000000089300000| PB 0x0000000089300000| Untracked 
|  50|0x0000000089400000, 0x0000000089400000, 0x0000000089500000|  0%| F|  |TAMS 0x0000000089400000| PB 0x0000000089400000| Untracked 
|  51|0x0000000089500000, 0x0000000089500000, 0x0000000089600000|  0%| F|  |TAMS 0x0000000089500000| PB 0x0000000089500000| Untracked 
|  52|0x0000000089600000, 0x0000000089600000, 0x0000000089700000|  0%| F|  |TAMS 0x0000000089600000| PB 0x0000000089600000| Untracked 
|  53|0x0000000089700000, 0x0000000089700000, 0x0000000089800000|  0%| F|  |TAMS 0x0000000089700000| PB 0x0000000089700000| Untracked 
|  54|0x0000000089800000, 0x0000000089800000, 0x0000000089900000|  0%| F|  |TAMS 0x0000000089800000| PB 0x0000000089800000| Untracked 
|  55|0x0000000089900000, 0x0000000089900000, 0x0000000089a00000|  0%| F|  |TAMS 0x0000000089900000| PB 0x0000000089900000| Untracked 
|  56|0x0000000089a00000, 0x0000000089a00000, 0x0000000089b00000|  0%| F|  |TAMS 0x0000000089a00000| PB 0x0000000089a00000| Untracked 
|  57|0x0000000089b00000, 0x0000000089b00000, 0x0000000089c00000|  0%| F|  |TAMS 0x0000000089b00000| PB 0x0000000089b00000| Untracked 
|  58|0x0000000089c00000, 0x0000000089c00000, 0x0000000089d00000|  0%| F|  |TAMS 0x0000000089c00000| PB 0x0000000089c00000| Untracked 
|  59|0x0000000089d00000, 0x0000000089d00000, 0x0000000089e00000|  0%| F|  |TAMS 0x0000000089d00000| PB 0x0000000089d00000| Untracked 
|  60|0x0000000089e00000, 0x0000000089e00000, 0x0000000089f00000|  0%| F|  |TAMS 0x0000000089e00000| PB 0x0000000089e00000| Untracked 
|  61|0x0000000089f00000, 0x0000000089f00000, 0x000000008a000000|  0%| F|  |TAMS 0x0000000089f00000| PB 0x0000000089f00000| Untracked 
|  91|0x000000008bd00000, 0x000000008be00000, 0x000000008be00000|100%| E|  |TAMS 0x000000008bd00000| PB 0x000000008bd00000| Complete 
|  92|0x000000008be00000, 0x000000008bf00000, 0x000000008bf00000|100%| E|CS|TAMS 0x000000008be00000| PB 0x000000008be00000| Complete 
|  93|0x000000008bf00000, 0x000000008c000000, 0x000000008c000000|100%| E|CS|TAMS 0x000000008bf00000| PB 0x000000008bf00000| Complete 
|  94|0x000000008c000000, 0x000000008c100000, 0x000000008c100000|100%| E|CS|TAMS 0x000000008c000000| PB 0x000000008c000000| Complete 
|  95|0x000000008c100000, 0x000000008c200000, 0x000000008c200000|100%| E|CS|TAMS 0x000000008c100000| PB 0x000000008c100000| Complete 
| 120|0x000000008da00000, 0x000000008db00000, 0x000000008db00000|100%| E|CS|TAMS 0x000000008da00000| PB 0x000000008da00000| Complete 
| 121|0x000000008db00000, 0x000000008dc00000, 0x000000008dc00000|100%| E|CS|TAMS 0x000000008db00000| PB 0x000000008db00000| Complete 

Card table byte_map: [0x0000022caa710000,0x0000022caaae0000] _byte_map_base: 0x0000022caa2df000

Marking Bits: (CMBitMap*) 0x0000022c9efb8b80
 Bits: [0x0000022caaeb0000, 0x0000022cacd28000)

Polling page: 0x0000022c9e720000

Metaspace:

Usage:
  Non-class:     38.11 MB used.
      Class:      5.91 MB used.
       Both:     44.02 MB used.

Virtual space:
  Non-class space:       64.00 MB reserved,      38.44 MB ( 60%) committed,  1 nodes.
      Class space:        1.00 GB reserved,       6.19 MB ( <1%) committed,  1 nodes.
             Both:        1.06 GB reserved,      44.62 MB (  4%) committed. 

Chunk freelists:
   Non-Class:  1.14 MB
       Class:  1.87 MB
        Both:  3.01 MB

MaxMetaspaceSize: unlimited
CompressedClassSpaceSize: 1.00 GB
Initial GC threshold: 21.00 MB
Current GC threshold: 53.88 MB
CDS: on
MetaspaceReclaimPolicy: balanced
 - commit_granule_bytes: 65536.
 - commit_granule_words: 8192.
 - virtual_space_node_default_size: 8388608.
 - enlarge_chunks_in_place: 1.
 - new_chunks_are_fully_committed: 0.
 - uncommit_free_chunks: 1.
 - use_allocation_guard: 0.


Internal statistics:

num_allocs_failed_limit: 3.
num_arena_births: 784.
num_arena_deaths: 0.
num_vsnodes_births: 2.
num_vsnodes_deaths: 0.
num_space_committed: 714.
num_space_uncommitted: 0.
num_chunks_returned_to_freelist: 3.
num_chunks_taken_from_freelist: 2326.
num_chunk_merges: 3.
num_chunk_splits: 1651.
num_chunks_enlarged: 1240.
num_inconsistent_stats: 0.

CodeCache: size=49152Kb used=8859Kb max_used=10367Kb free=40292Kb
 bounds [0x0000022ca7010000, 0x0000022ca7a30000, 0x0000022caa010000]
 total_blobs=5011 nmethods=4410 adapters=525
 compilation: enabled
              stopped_count=0, restarted_count=0
 full_count=0

Compilation events (20 events):
Event: 23.610 Thread 0x0000022cafa2a4d0 4448   !   1       java.io.BufferedOutputStream::flush (60 bytes)
Event: 23.611 Thread 0x0000022cafa2a4d0 nmethod 4448 0x0000022ca741f390 code [0x0000022ca741f5e0, 0x0000022ca741fb68]
Event: 23.611 Thread 0x0000022cafa2a4d0 4449       1       java.io.BufferedOutputStream::implFlush (12 bytes)
Event: 23.611 Thread 0x0000022cafa2a4d0 nmethod 4449 0x0000022ca741f010 code [0x0000022ca741f1a0, 0x0000022ca741f2e0]
Event: 24.113 Thread 0x0000022cafa2a4d0 4450   !   1       java.io.ObjectInputStream::readObject0 (681 bytes)
Event: 24.114 Thread 0x0000022cafa2a4d0 nmethod 4450 0x0000022ca741b510 code [0x0000022ca741bae0, 0x0000022ca741d608]
Event: 24.114 Thread 0x0000022cafa2a4d0 4451       1       java.io.ObjectInputStream$HandleTable::markDependency (175 bytes)
Event: 24.114 Thread 0x0000022cafa2a4d0 nmethod 4451 0x0000022ca741a990 code [0x0000022ca741aba0, 0x0000022ca741b178]
Event: 24.614 Thread 0x0000022cafa2a4d0 4452       1       javax.management.ObjectName::addProperty (80 bytes)
Event: 24.615 Thread 0x0000022cafa2a4d0 nmethod 4452 0x0000022ca741a010 code [0x0000022ca741a200, 0x0000022ca741a700]
Event: 24.615 Thread 0x0000022cafa2a4d0 4453   !   1       sun.rmi.server.LoaderHandler::getClassAnnotation (234 bytes)
Event: 24.616 Thread 0x0000022cafa2a4d0 nmethod 4453 0x0000022ca7418d90 code [0x0000022ca7418fe0, 0x0000022ca74198f0]
Event: 24.616 Thread 0x0000022cafa2a4d0 4454   !   1       jdk.internal.misc.ScopedMemoryAccess::copyMemory (27 bytes)
Event: 24.616 Thread 0x0000022cafa2a4d0 nmethod 4454 0x0000022ca7418790 code [0x0000022ca7418960, 0x0000022ca7418ba8]
Event: 24.616 Thread 0x0000022cafa2a4d0 4455   !   1       jdk.internal.misc.ScopedMemoryAccess::copyMemoryInternal (56 bytes)
Event: 24.616 Thread 0x0000022cafa2a4d0 nmethod 4455 0x0000022ca7417610 code [0x0000022ca7417840, 0x0000022ca7418080]
Event: 25.167 Thread 0x0000022cafa2a4d0 4456   !   1       java.io.ObjectInputStream::readObject (160 bytes)
Event: 25.168 Thread 0x0000022cafa2a4d0 nmethod 4456 0x0000022ca7416890 code [0x0000022ca7416aa0, 0x0000022ca7416fc8]
Event: 25.168 Thread 0x0000022cafa2a4d0 4457       1       java.io.ObjectInputStream$BlockDataInputStream::currentBlockRemaining (41 bytes)
Event: 25.168 Thread 0x0000022cafa2a4d0 nmethod 4457 0x0000022ca7416490 code [0x0000022ca7416620, 0x0000022ca74167c8]

GC Heap History (20 events):
Event: 1.423 GC heap before
{Heap before GC invocations=5 (full 0):
 garbage-first heap   total 48128K, used 34756K [0x0000000086200000, 0x0000000100000000)
  region size 1024K, 28 young (28672K), 5 survivors (5120K)
 Metaspace       used 20893K, committed 21248K, reserved 1114112K
  class space    used 2649K, committed 2816K, reserved 1048576K
}
Event: 1.426 GC heap after
{Heap after GC invocations=6 (full 0):
 garbage-first heap   total 48128K, used 12302K [0x0000000086200000, 0x0000000100000000)
  region size 1024K, 2 young (2048K), 2 survivors (2048K)
 Metaspace       used 20893K, committed 21248K, reserved 1114112K
  class space    used 2649K, committed 2816K, reserved 1048576K
}
Event: 1.607 GC heap before
{Heap before GC invocations=6 (full 0):
 garbage-first heap   total 48128K, used 38926K [0x0000000086200000, 0x0000000100000000)
  region size 1024K, 28 young (28672K), 2 survivors (2048K)
 Metaspace       used 22248K, committed 22592K, reserved 1114112K
  class space    used 2849K, committed 3008K, reserved 1048576K
}
Event: 1.609 GC heap after
{Heap after GC invocations=7 (full 0):
 garbage-first heap   total 48128K, used 13285K [0x0000000086200000, 0x0000000100000000)
  region size 1024K, 3 young (3072K), 3 survivors (3072K)
 Metaspace       used 22248K, committed 22592K, reserved 1114112K
  class space    used 2849K, committed 3008K, reserved 1048576K
}
Event: 1.787 GC heap before
{Heap before GC invocations=7 (full 0):
 garbage-first heap   total 48128K, used 37861K [0x0000000086200000, 0x0000000100000000)
  region size 1024K, 28 young (28672K), 3 survivors (3072K)
 Metaspace       used 23929K, committed 24320K, reserved 1114112K
  class space    used 3111K, committed 3264K, reserved 1048576K
}
Event: 1.789 GC heap after
{Heap after GC invocations=8 (full 0):
 garbage-first heap   total 58368K, used 14224K [0x0000000086200000, 0x0000000100000000)
  region size 1024K, 3 young (3072K), 3 survivors (3072K)
 Metaspace       used 23929K, committed 24320K, reserved 1114112K
  class space    used 3111K, committed 3264K, reserved 1048576K
}
Event: 2.021 GC heap before
{Heap before GC invocations=8 (full 0):
 garbage-first heap   total 58368K, used 45968K [0x0000000086200000, 0x0000000100000000)
  region size 1024K, 34 young (34816K), 3 survivors (3072K)
 Metaspace       used 26786K, committed 27328K, reserved 1114112K
  class space    used 3540K, committed 3776K, reserved 1048576K
}
Event: 2.024 GC heap after
{Heap after GC invocations=9 (full 0):
 garbage-first heap   total 58368K, used 16369K [0x0000000086200000, 0x0000000100000000)
  region size 1024K, 5 young (5120K), 5 survivors (5120K)
 Metaspace       used 26786K, committed 27328K, reserved 1114112K
  class space    used 3540K, committed 3776K, reserved 1048576K
}
Event: 2.219 GC heap before
{Heap before GC invocations=9 (full 0):
 garbage-first heap   total 58368K, used 45041K [0x0000000086200000, 0x0000000100000000)
  region size 1024K, 34 young (34816K), 5 survivors (5120K)
 Metaspace       used 29466K, committed 30016K, reserved 1114112K
  class space    used 3878K, committed 4096K, reserved 1048576K
}
Event: 2.224 GC heap after
{Heap after GC invocations=10 (full 0):
 garbage-first heap   total 58368K, used 18058K [0x0000000086200000, 0x0000000100000000)
  region size 1024K, 4 young (4096K), 4 survivors (4096K)
 Metaspace       used 29466K, committed 30016K, reserved 1114112K
  class space    used 3878K, committed 4096K, reserved 1048576K
}
Event: 2.409 GC heap before
{Heap before GC invocations=10 (full 0):
 garbage-first heap   total 58368K, used 48778K [0x0000000086200000, 0x0000000100000000)
  region size 1024K, 34 young (34816K), 4 survivors (4096K)
 Metaspace       used 32270K, committed 32832K, reserved 1114112K
  class space    used 4220K, committed 4480K, reserved 1048576K
}
Event: 2.413 GC heap after
{Heap after GC invocations=11 (full 0):
 garbage-first heap   total 58368K, used 19385K [0x0000000086200000, 0x0000000100000000)
  region size 1024K, 4 young (4096K), 4 survivors (4096K)
 Metaspace       used 32270K, committed 32832K, reserved 1114112K
  class space    used 4220K, committed 4480K, reserved 1048576K
}
Event: 2.417 GC heap before
{Heap before GC invocations=11 (full 0):
 garbage-first heap   total 58368K, used 19385K [0x0000000086200000, 0x0000000100000000)
  region size 1024K, 5 young (5120K), 4 survivors (4096K)
 Metaspace       used 32352K, committed 32896K, reserved 1114112K
  class space    used 4233K, committed 4480K, reserved 1048576K
}
Event: 2.420 GC heap after
{Heap after GC invocations=12 (full 0):
 garbage-first heap   total 70656K, used 19463K [0x0000000086200000, 0x0000000100000000)
  region size 1024K, 2 young (2048K), 2 survivors (2048K)
 Metaspace       used 32352K, committed 32896K, reserved 1114112K
  class space    used 4233K, committed 4480K, reserved 1048576K
}
Event: 2.645 GC heap before
{Heap before GC invocations=13 (full 0):
 garbage-first heap   total 70656K, used 59399K [0x0000000086200000, 0x0000000100000000)
  region size 1024K, 41 young (41984K), 2 survivors (2048K)
 Metaspace       used 36302K, committed 36928K, reserved 1114112K
  class space    used 4770K, committed 5056K, reserved 1048576K
}
Event: 2.647 GC heap after
{Heap after GC invocations=14 (full 0):
 garbage-first heap   total 70656K, used 20734K [0x0000000086200000, 0x0000000100000000)
  region size 1024K, 3 young (3072K), 3 survivors (3072K)
 Metaspace       used 36302K, committed 36928K, reserved 1114112K
  class space    used 4770K, committed 5056K, reserved 1048576K
}
Event: 2.837 GC heap before
{Heap before GC invocations=14 (full 0):
 garbage-first heap   total 70656K, used 59646K [0x0000000086200000, 0x0000000100000000)
  region size 1024K, 41 young (41984K), 3 survivors (3072K)
 Metaspace       used 40123K, committed 40704K, reserved 1114112K
  class space    used 5327K, committed 5568K, reserved 1048576K
}
Event: 2.840 GC heap after
{Heap after GC invocations=15 (full 0):
 garbage-first heap   total 70656K, used 21005K [0x0000000086200000, 0x0000000100000000)
  region size 1024K, 4 young (4096K), 4 survivors (4096K)
 Metaspace       used 40123K, committed 40704K, reserved 1114112K
  class space    used 5327K, committed 5568K, reserved 1048576K
}
Event: 3.025 GC heap before
{Heap before GC invocations=15 (full 0):
 garbage-first heap   total 70656K, used 57869K [0x0000000086200000, 0x0000000100000000)
  region size 1024K, 41 young (41984K), 4 survivors (4096K)
 Metaspace       used 44426K, committed 44992K, reserved 1114112K
  class space    used 5969K, committed 6208K, reserved 1048576K
}
Event: 3.028 GC heap after
{Heap after GC invocations=16 (full 0):
 garbage-first heap   total 70656K, used 21746K [0x0000000086200000, 0x0000000100000000)
  region size 1024K, 3 young (3072K), 3 survivors (3072K)
 Metaspace       used 44426K, committed 44992K, reserved 1114112K
  class space    used 5969K, committed 6208K, reserved 1048576K
}

Dll operation events (13 events):
Event: 0.015 Loaded shared library C:\Program Files\Java\jdk-20\bin\java.dll
Event: 0.024 Loaded shared library C:\Program Files\Java\jdk-20\bin\jsvml.dll
Event: 0.273 Loaded shared library C:\Program Files\Java\jdk-20\bin\zip.dll
Event: 0.277 Loaded shared library C:\Program Files\Java\jdk-20\bin\instrument.dll
Event: 0.281 Loaded shared library C:\Program Files\Java\jdk-20\bin\net.dll
Event: 0.282 Loaded shared library C:\Program Files\Java\jdk-20\bin\nio.dll
Event: 0.284 Loaded shared library C:\Program Files\Java\jdk-20\bin\zip.dll
Event: 0.389 Loaded shared library C:\Program Files\Java\jdk-20\bin\jimage.dll
Event: 0.442 Loaded shared library C:\Program Files\Java\jdk-20\bin\management.dll
Event: 0.452 Loaded shared library C:\Program Files\Java\jdk-20\bin\management_ext.dll
Event: 0.607 Loaded shared library C:\Program Files\Java\jdk-20\bin\extnet.dll
Event: 0.623 Loaded shared library C:\Program Files\Java\jdk-20\bin\verify.dll
Event: 2.133 Loaded shared library C:\Program Files\Java\jdk-20\bin\sunmscapi.dll

Deoptimization events (20 events):
Event: 22.557 Thread 0x0000022cb4e9e5a0 DEOPT PACKING pc=0x0000022ca7427a1c sp=0x00000042095fe6d0
Event: 22.557 Thread 0x0000022cb4e9e5a0 DEOPT UNPACKING pc=0x0000022ca707a4c2 sp=0x00000042095fdc10 mode 1
Event: 23.109 Thread 0x0000022cb4e9e5a0 DEOPT PACKING pc=0x0000022ca7427a1c sp=0x00000042095fe6d0
Event: 23.109 Thread 0x0000022cb4e9e5a0 DEOPT UNPACKING pc=0x0000022ca707a4c2 sp=0x00000042095fdc10 mode 1
Event: 23.611 Thread 0x0000022cb4e9e5a0 DEOPT PACKING pc=0x0000022ca7427a1c sp=0x00000042095fe6d0
Event: 23.611 Thread 0x0000022cb4e9e5a0 DEOPT UNPACKING pc=0x0000022ca707a4c2 sp=0x00000042095fdc10 mode 1
Event: 24.113 Thread 0x0000022cb4e9e5a0 DEOPT PACKING pc=0x0000022ca7427a1c sp=0x00000042095fe6d0
Event: 24.113 Thread 0x0000022cb4e9e5a0 DEOPT UNPACKING pc=0x0000022ca707a4c2 sp=0x00000042095fdc10 mode 1
Event: 24.614 Thread 0x0000022cb4e9e5a0 DEOPT PACKING pc=0x0000022ca7427a1c sp=0x00000042095fe6d0
Event: 24.615 Thread 0x0000022cb4e9e5a0 DEOPT UNPACKING pc=0x0000022ca707a4c2 sp=0x00000042095fdc10 mode 1
Event: 25.167 Thread 0x0000022cb4e9e5a0 DEOPT PACKING pc=0x0000022ca7427a1c sp=0x00000042095fe6d0
Event: 25.167 Thread 0x0000022cb4e9e5a0 DEOPT UNPACKING pc=0x0000022ca707a4c2 sp=0x00000042095fdc10 mode 1
Event: 25.669 Thread 0x0000022cb4e9e5a0 DEOPT PACKING pc=0x0000022ca7427a1c sp=0x00000042095fe6d0
Event: 25.669 Thread 0x0000022cb4e9e5a0 DEOPT UNPACKING pc=0x0000022ca707a4c2 sp=0x00000042095fdc10 mode 1
Event: 26.170 Thread 0x0000022cb4e9e5a0 DEOPT PACKING pc=0x0000022ca7427a1c sp=0x00000042095fe6d0
Event: 26.170 Thread 0x0000022cb4e9e5a0 DEOPT UNPACKING pc=0x0000022ca707a4c2 sp=0x00000042095fdc10 mode 1
Event: 26.723 Thread 0x0000022cb4e9e5a0 DEOPT PACKING pc=0x0000022ca7427a1c sp=0x00000042095fe6d0
Event: 26.723 Thread 0x0000022cb4e9e5a0 DEOPT UNPACKING pc=0x0000022ca707a4c2 sp=0x00000042095fdc10 mode 1
Event: 27.241 Thread 0x0000022cb4ac52a0 DEOPT PACKING pc=0x0000022ca744cc8c sp=0x00000042092fe390
Event: 27.241 Thread 0x0000022cb4ac52a0 DEOPT UNPACKING pc=0x0000022ca707a4c2 sp=0x00000042092fd848 mode 0

Classes loaded (20 events):
Event: 2.903 Loading class javax/naming/RefAddr
Event: 2.903 Loading class javax/naming/RefAddr done
Event: 2.903 Loading class javax/naming/StringRefAddr
Event: 2.903 Loading class javax/naming/StringRefAddr done
Event: 2.918 Loading class java/util/concurrent/CompletionStage
Event: 2.918 Loading class java/util/concurrent/CompletionStage done
Event: 2.919 Loading class java/util/concurrent/CompletableFuture
Event: 2.919 Loading class java/util/concurrent/CompletableFuture done
Event: 2.919 Loading class java/util/concurrent/CompletableFuture$AltResult
Event: 2.919 Loading class java/util/concurrent/CompletableFuture$AltResult done
Event: 2.919 Loading class java/util/concurrent/CompletableFuture$Completion
Event: 2.919 Loading class java/util/concurrent/CompletableFuture$AsynchronousCompletionTask
Event: 2.919 Loading class java/util/concurrent/CompletableFuture$AsynchronousCompletionTask done
Event: 2.920 Loading class java/util/concurrent/CompletableFuture$Completion done
Event: 2.948 Loading class java/util/concurrent/CancellationException
Event: 2.948 Loading class java/util/concurrent/CancellationException done
Event: 3.057 Loading class javax/naming/Reference
Event: 3.057 Loading class javax/naming/Reference done
Event: 3.060 Loading class java/util/ArrayList$ListItr
Event: 3.060 Loading class java/util/ArrayList$ListItr done

Classes unloaded (0 events):
No events

Classes redefined (1 events):
Event: 27.253 Thread 0x0000022caf9fa830 redefined class name=com.example.demo.Controller.paisController, count=1

Internal exceptions (20 events):
Event: 1.951 Thread 0x0000022cb4ac52a0 Exception <a 'java/lang/NoSuchMethodError'{0x00000000885c4b50}: 'java.lang.Object java.lang.invoke.DirectMethodHandle$Holder.invokeSpecialIFC(java.lang.Object, java.lang.Object, java.lang.Object)'> (0x00000000885c4b50) 
thrown [s\open\src\hotspot\share\interpreter\linkResolver.cpp, line 773]
Event: 1.956 Thread 0x0000022cb4ac52a0 Exception <a 'java/lang/NoSuchMethodError'{0x000000008845e590}: 'java.lang.Object java.lang.invoke.DirectMethodHandle$Holder.invokeVirtual(java.lang.Object, java.lang.Object, java.lang.Object, java.lang.Object, java.lang.Object)'> (0x000000008845e590) 
thrown [s\open\src\hotspot\share\interpreter\linkResolver.cpp, line 773]
Event: 2.003 Thread 0x0000022cb4ac52a0 Exception <a 'java/lang/NoSuchMethodError'{0x0000000087d38ef0}: 'java.lang.reflect.Field[] java.lang.Class.getDeclaredFields(java.lang.Class)'> (0x0000000087d38ef0) 
thrown [s\open\src\hotspot\share\interpreter\linkResolver.cpp, line 773]
Event: 2.028 Thread 0x0000022cb4ac52a0 Exception <a 'java/lang/NoSuchMethodError'{0x000000008db6c720}: 'void java.lang.invoke.DirectMethodHandle$Holder.invokeInterface(java.lang.Object, java.lang.Object, int)'> (0x000000008db6c720) 
thrown [s\open\src\hotspot\share\interpreter\linkResolver.cpp, line 773]
Event: 2.030 Thread 0x0000022cb4ac52a0 Exception <a 'java/lang/IncompatibleClassChangeError'{0x000000008dbc10d0}: Found class java.lang.Object, but interface was expected> (0x000000008dbc10d0) 
thrown [s\open\src\hotspot\share\interpreter\linkResolver.cpp, line 840]
Event: 2.031 Thread 0x0000022cb4ac52a0 Exception <a 'java/lang/NoSuchMethodError'{0x000000008dbc6188}: 'void java.lang.invoke.DirectMethodHandle$Holder.invokeStatic(java.lang.Object, int, java.lang.Object)'> (0x000000008dbc6188) 
thrown [s\open\src\hotspot\share\interpreter\linkResolver.cpp, line 773]
Event: 2.104 Thread 0x0000022cb4ac52a0 Exception <a 'java/lang/NoSuchMethodError'{0x0000000088eb5a58}: 'int java.lang.invoke.DirectMethodHandle$Holder.invokeVirtual(java.lang.Object, java.lang.Object, java.lang.Object, java.lang.Object)'> (0x0000000088eb5a58) 
thrown [s\open\src\hotspot\share\interpreter\linkResolver.cpp, line 773]
Event: 2.104 Thread 0x0000022cb4ac52a0 Exception <a 'java/lang/NoSuchMethodError'{0x0000000088eb94c0}: 'int java.lang.invoke.DelegatingMethodHandle$Holder.reinvoke_L(java.lang.Object, java.lang.Object, java.lang.Object, java.lang.Object)'> (0x0000000088eb94c0) 
thrown [s\open\src\hotspot\share\interpreter\linkResolver.cpp, line 773]
Event: 2.208 Thread 0x0000022cb4ac52a0 Exception <a 'java/io/FileNotFoundException'{0x0000000087fc9d60}> (0x0000000087fc9d60) 
thrown [s\open\src\hotspot\share\prims\jni.cpp, line 519]
Event: 2.226 Thread 0x0000022cb4ac52a0 Exception <a 'java/lang/NoSuchMethodError'{0x000000008db2f130}: 'int java.lang.invoke.DirectMethodHandle$Holder.invokeInterface(java.lang.Object, java.lang.Object, java.lang.Object, java.lang.Object)'> (0x000000008db2f130) 
thrown [s\open\src\hotspot\share\interpreter\linkResolver.cpp, line 773]
Event: 2.256 Thread 0x0000022cb4ac52a0 Exception <a 'java/lang/NoSuchMethodError'{0x000000008c0f5728}: 'long java.lang.invoke.DirectMethodHandle$Holder.invokeVirtual(java.lang.Object, java.lang.Object)'> (0x000000008c0f5728) 
thrown [s\open\src\hotspot\share\interpreter\linkResolver.cpp, line 773]
Event: 2.260 Thread 0x0000022cb4ac52a0 Exception <a 'java/io/FileNotFoundException'{0x000000008bf68c50}> (0x000000008bf68c50) 
thrown [s\open\src\hotspot\share\prims\jni.cpp, line 519]
Event: 2.306 Thread 0x0000022cb4ac52a0 Exception <a 'java/lang/NoSuchMethodError'{0x00000000890cc938}: 'java.lang.Object java.lang.invoke.DirectMethodHandle$Holder.newInvokeSpecial(java.lang.Object, java.lang.Object, java.lang.Object, java.lang.Object, java.lang.Object, java.lang.Object, java.lang.Object, java.lang.Object, java.lang.Object, java.lang.Object, java.lang.Object)'> (0x00000000890cc938) 
thrown [s\open\src\hotspot\share\interpreter\linkResolver.cpp, line 773]
Event: 2.481 Thread 0x0000022cb4ac52a0 Exception <a 'java/lang/NoSuchMethodError'{0x0000000089b56720}: 'java.lang.Object java.lang.invoke.DirectMethodHandle$Holder.invokeStaticInit(java.lang.Object, java.lang.Object, java.lang.Object, java.lang.Object)'> (0x0000000089b56720) 
thrown [s\open\src\hotspot\share\interpreter\linkResolver.cpp, line 773]
Event: 2.507 Thread 0x0000022cb4ac52a0 Exception <a 'java/lang/NoSuchMethodError'{0x000000008966bb90}: 'void java.lang.invoke.DelegatingMethodHandle$Holder.reinvoke_L(java.lang.Object, java.lang.Object, java.lang.Object, java.lang.Object, int, java.lang.Object, java.lang.Object, java.lang.Object)'> (0x000000008966bb90) 
thrown [s\open\src\hotspot\share\interpreter\linkResolver.cpp, line 773]
Event: 3.005 Thread 0x0000022cb4ac52a0 Exception <a 'java/lang/NoSuchMethodError'{0x00000000886a7670}: 'java.lang.Object java.lang.invoke.DirectMethodHandle$Holder.invokeStatic(java.lang.Object, java.lang.Object, int, java.lang.Object)'> (0x00000000886a7670) 
thrown [s\open\src\hotspot\share\interpreter\linkResolver.cpp, line 773]
Event: 3.005 Thread 0x0000022cb4ac52a0 Exception <a 'java/lang/NoSuchMethodError'{0x00000000886aae68}: 'java.lang.Object java.lang.invoke.DirectMethodHandle$Holder.invokeStaticInit(java.lang.Object, java.lang.Object, int, java.lang.Object)'> (0x00000000886aae68) 
thrown [s\open\src\hotspot\share\interpreter\linkResolver.cpp, line 773]
Event: 3.020 Thread 0x0000022cb4ac52a0 Exception <a 'java/lang/IncompatibleClassChangeError'{0x00000000883e71b0}: Found class java.lang.Object, but interface was expected> (0x00000000883e71b0) 
thrown [s\open\src\hotspot\share\interpreter\linkResolver.cpp, line 840]
Event: 3.037 Thread 0x0000022cb4ac52a0 Exception <a 'java/lang/NoSuchMethodError'{0x000000008da87200}: 'void java.lang.invoke.DirectMethodHandle$Holder.invokeInterface(java.lang.Object, java.lang.Object)'> (0x000000008da87200) 
thrown [s\open\src\hotspot\share\interpreter\linkResolver.cpp, line 773]
Event: 3.063 Thread 0x0000022cb4ac52a0 Exception <a 'java/lang/NoSuchMethodError'{0x000000008be51e60}: 'void java.lang.invoke.Invokers$Holder.invokeExact_MT(java.lang.Object, java.lang.Object, java.lang.Object, java.lang.Object)'> (0x000000008be51e60) 
thrown [s\open\src\hotspot\share\interpreter\linkResolver.cpp, line 773]

VM Operations (20 events):
Event: 7.188 Executing VM operation: get/set locals
Event: 7.189 Executing VM operation: get/set locals done
Event: 8.190 Executing VM operation: Cleanup
Event: 8.190 Executing VM operation: Cleanup done
Event: 17.269 Executing VM operation: Cleanup
Event: 17.269 Executing VM operation: Cleanup done
Event: 21.311 Executing VM operation: Cleanup
Event: 21.311 Executing VM operation: Cleanup done
Event: 23.327 Executing VM operation: Cleanup
Event: 23.328 Executing VM operation: Cleanup done
Event: 24.341 Executing VM operation: Cleanup
Event: 24.341 Executing VM operation: Cleanup done
Event: 27.241 Executing VM operation: ChangeSingleStep
Event: 27.241 Executing VM operation: ChangeSingleStep done
Event: 27.241 Executing VM operation: ChangeSingleStep
Event: 27.241 Executing VM operation: ChangeSingleStep done
Event: 27.249 Executing VM operation: RedefineClasses
Event: 27.262 Executing VM operation: RedefineClasses done
Event: 27.263 Executing VM operation: ChangeSingleStep
Event: 27.263 Executing VM operation: ChangeSingleStep done

Events (20 events):
Event: 2.429 Thread 0x0000022caf9fa830 flushing nmethod 0x0000022ca729b690
Event: 2.429 Thread 0x0000022caf9fa830 flushing nmethod 0x0000022ca72d4910
Event: 2.429 Thread 0x0000022caf9fa830 flushing nmethod 0x0000022ca7298410
Event: 2.429 Thread 0x0000022caf9fa830 flushing nmethod 0x0000022ca72b5690
Event: 2.429 Thread 0x0000022caf9fa830 flushing nmethod 0x0000022ca7292990
Event: 2.429 Thread 0x0000022caf9fa830 flushing nmethod 0x0000022ca723c510
Event: 2.429 Thread 0x0000022caf9fa830 flushing nmethod 0x0000022ca723b790
Event: 2.429 Thread 0x0000022caf9fa830 flushing nmethod 0x0000022ca725d710
Event: 2.429 Thread 0x0000022caf9fa830 flushing nmethod 0x0000022ca7247c10
Event: 2.429 Thread 0x0000022caf9fa830 flushing nmethod 0x0000022ca723d110
Event: 2.429 Thread 0x0000022caf9fa830 flushing nmethod 0x0000022ca722b910
Event: 2.429 Thread 0x0000022caf9fa830 flushing nmethod 0x0000022ca7177a90
Event: 2.429 Thread 0x0000022caf9fa830 flushing nmethod 0x0000022ca7174690
Event: 2.429 Thread 0x0000022caf9fa830 flushing nmethod 0x0000022ca720a210
Event: 2.471 Thread 0x0000022cb4e9c5c0 Thread added: 0x0000022cb4e9c5c0
Event: 2.575 Thread 0x0000022cb6114ac0 Thread added: 0x0000022cb6114ac0
Event: 4.054 Thread 0x0000022cb459fd70 Thread exited: 0x0000022cb459fd70
Event: 6.112 Thread 0x0000022cb459e500 Thread exited: 0x0000022cb459e500
Event: 6.112 Thread 0x0000022cafa6d0c0 Thread exited: 0x0000022cafa6d0c0
Event: 7.730 Thread 0x0000022cb6114ac0 Thread exited: 0x0000022cb6114ac0


Dynamic libraries:
0x00007ff694140000 - 0x00007ff694150000 	C:\Program Files\Java\jdk-20\bin\javaw.exe
0x00007ffe319b0000 - 0x00007ffe31ba8000 	C:\Windows\SYSTEM32\ntdll.dll
0x00007ffe302b0000 - 0x00007ffe3036f000 	C:\Windows\System32\KERNEL32.DLL
0x00007ffe2f3e0000 - 0x00007ffe2f6b2000 	C:\Windows\System32\KERNELBASE.dll
0x00007ffe2f1d0000 - 0x00007ffe2f2d0000 	C:\Windows\System32\ucrtbase.dll
0x00007ffe16fd0000 - 0x00007ffe16fe9000 	C:\Program Files\Java\jdk-20\bin\jli.dll
0x00007ffe30370000 - 0x00007ffe3041e000 	C:\Windows\System32\ADVAPI32.dll
0x00007ffe318d0000 - 0x00007ffe3196e000 	C:\Windows\System32\msvcrt.dll
0x00007ffe30480000 - 0x00007ffe3051c000 	C:\Windows\System32\sechost.dll
0x00007ffe163b0000 - 0x00007ffe163cb000 	C:\Program Files\Java\jdk-20\bin\VCRUNTIME140.dll
0x00007ffe31230000 - 0x00007ffe31354000 	C:\Windows\System32\RPCRT4.dll
0x00007ffe30720000 - 0x00007ffe308c1000 	C:\Windows\System32\USER32.dll
0x00007ffe2f820000 - 0x00007ffe2f842000 	C:\Windows\System32\win32u.dll
0x00007ffe308d0000 - 0x00007ffe308fb000 	C:\Windows\System32\GDI32.dll
0x00007ffe2f2d0000 - 0x00007ffe2f3df000 	C:\Windows\System32\gdi32full.dll
0x00007ffe2f930000 - 0x00007ffe2f9cd000 	C:\Windows\System32\msvcp_win.dll
0x00007ffe12a00000 - 0x00007ffe12c9a000 	C:\Windows\WinSxS\amd64_microsoft.windows.common-controls_6595b64144ccf1df_6.0.19041.1110_none_60b5254171f9507e\COMCTL32.dll
0x00007ffe2a480000 - 0x00007ffe2a48a000 	C:\Windows\SYSTEM32\VERSION.dll
0x00007ffe315c0000 - 0x00007ffe315f0000 	C:\Windows\System32\IMM32.DLL
0x00007ffe25150000 - 0x00007ffe2515c000 	C:\Program Files\Java\jdk-20\bin\vcruntime140_1.dll
0x00007ffe07770000 - 0x00007ffe077fe000 	C:\Program Files\Java\jdk-20\bin\msvcp140.dll
0x00007ffe1b7f0000 - 0x00007ffe1c487000 	C:\Program Files\Java\jdk-20\bin\server\jvm.dll
0x00007ffe1b790000 - 0x00007ffe1b799000 	C:\Windows\SYSTEM32\WSOCK32.dll
0x00007ffe1b760000 - 0x00007ffe1b787000 	C:\Windows\SYSTEM32\WINMM.dll
0x00007ffe31800000 - 0x00007ffe3186b000 	C:\Windows\System32\WS2_32.dll
0x00007ffe2cf90000 - 0x00007ffe2cfa2000 	C:\Windows\SYSTEM32\kernel.appcore.dll
0x00007ffe1c670000 - 0x00007ffe1c67a000 	C:\Program Files\Java\jdk-20\bin\jimage.dll
0x00007ffe1e310000 - 0x00007ffe1e4f4000 	C:\Windows\SYSTEM32\DBGHELP.DLL
0x00007ffe1cf70000 - 0x00007ffe1cfa5000 	C:\Windows\SYSTEM32\dbgcore.DLL
0x00007ffe2f850000 - 0x00007ffe2f8d2000 	C:\Windows\System32\bcryptPrimitives.dll
0x00007ffe06010000 - 0x00007ffe0604c000 	C:\Program Files\Java\jdk-20\bin\jdwp.dll
0x00007ffe26ca0000 - 0x00007ffe26cae000 	C:\Program Files\Java\jdk-20\bin\instrument.dll
0x00007ffe18c60000 - 0x00007ffe18c86000 	C:\Program Files\Java\jdk-20\bin\java.dll
0x00007ffe17260000 - 0x00007ffe17337000 	C:\Program Files\Java\jdk-20\bin\jsvml.dll
0x00007ffe2fb60000 - 0x00007ffe302a5000 	C:\Windows\System32\SHELL32.dll
0x00007ffe2d190000 - 0x00007ffe2d922000 	C:\Windows\SYSTEM32\windows.storage.dll
0x00007ffe30910000 - 0x00007ffe30c65000 	C:\Windows\System32\combase.dll
0x00007ffe2ea30000 - 0x00007ffe2ea60000 	C:\Windows\SYSTEM32\Wldp.dll
0x00007ffe31360000 - 0x00007ffe3140d000 	C:\Windows\System32\SHCORE.dll
0x00007ffe31870000 - 0x00007ffe318c5000 	C:\Windows\System32\shlwapi.dll
0x00007ffe2eff0000 - 0x00007ffe2f00f000 	C:\Windows\SYSTEM32\profapi.dll
0x00007ffe24c00000 - 0x00007ffe24c0c000 	C:\Program Files\Java\jdk-20\bin\dt_socket.dll
0x00007ffe2e480000 - 0x00007ffe2e4bb000 	C:\Windows\SYSTEM32\IPHLPAPI.DLL
0x00007ffe2e790000 - 0x00007ffe2e7fa000 	C:\Windows\system32\mswsock.dll
0x00007ffe2e4c0000 - 0x00007ffe2e58b000 	C:\Windows\SYSTEM32\DNSAPI.dll
0x00007ffe31220000 - 0x00007ffe31228000 	C:\Windows\System32\NSI.dll
0x00007ffe23d30000 - 0x00007ffe23d3a000 	C:\Windows\System32\rasadhlp.dll
0x00007ffe25230000 - 0x00007ffe252b0000 	C:\Windows\System32\fwpuclnt.dll
0x00007ffe2f9d0000 - 0x00007ffe2f9f7000 	C:\Windows\System32\bcrypt.dll
0x00007ffe13b90000 - 0x00007ffe13ba8000 	C:\Program Files\Java\jdk-20\bin\zip.dll
0x00007ffe146a0000 - 0x00007ffe146b3000 	C:\Program Files\Java\jdk-20\bin\net.dll
0x00007ffe28590000 - 0x00007ffe2869a000 	C:\Windows\SYSTEM32\WINHTTP.dll
0x00007ffe14570000 - 0x00007ffe14586000 	C:\Program Files\Java\jdk-20\bin\nio.dll
0x00007ffe10e30000 - 0x00007ffe10e3a000 	C:\Program Files\Java\jdk-20\bin\management.dll
0x00007ffe10e10000 - 0x00007ffe10e1b000 	C:\Program Files\Java\jdk-20\bin\management_ext.dll
0x00007ffe30c70000 - 0x00007ffe30c78000 	C:\Windows\System32\PSAPI.DLL
0x00007ffe170f0000 - 0x00007ffe17107000 	C:\Windows\system32\napinsp.dll
0x00007ffe170d0000 - 0x00007ffe170eb000 	C:\Windows\system32\pnrpnsp.dll
0x00007ffe170b0000 - 0x00007ffe170c5000 	C:\Windows\system32\wshbth.dll
0x00007ffe2aad0000 - 0x00007ffe2aaed000 	C:\Windows\system32\NLAapi.dll
0x00007ffe17090000 - 0x00007ffe170a2000 	C:\Windows\System32\winrnr.dll
0x00007ffe2e980000 - 0x00007ffe2e998000 	C:\Windows\SYSTEM32\CRYPTSP.dll
0x00007ffe2e0b0000 - 0x00007ffe2e0e4000 	C:\Windows\system32\rsaenh.dll
0x00007ffe2efb0000 - 0x00007ffe2efde000 	C:\Windows\SYSTEM32\USERENV.dll
0x00007ffe2e9a0000 - 0x00007ffe2e9ac000 	C:\Windows\SYSTEM32\CRYPTBASE.dll
0x00007ffe28930000 - 0x00007ffe28947000 	C:\Windows\SYSTEM32\dhcpcsvc6.DLL
0x00007ffe28c60000 - 0x00007ffe28c7d000 	C:\Windows\SYSTEM32\dhcpcsvc.DLL
0x00007ffe0ac60000 - 0x00007ffe0ac67000 	C:\Program Files\Java\jdk-20\bin\extnet.dll
0x00007ffe26c30000 - 0x00007ffe26c40000 	C:\Program Files\Java\jdk-20\bin\verify.dll
0x00007ffe081d0000 - 0x00007ffe081de000 	C:\Program Files\Java\jdk-20\bin\sunmscapi.dll
0x00007ffe2f6c0000 - 0x00007ffe2f816000 	C:\Windows\System32\CRYPT32.dll
0x00007ffe2eaa0000 - 0x00007ffe2eac7000 	C:\Windows\SYSTEM32\ncrypt.dll
0x00007ffe2ea60000 - 0x00007ffe2ea9b000 	C:\Windows\SYSTEM32\NTASN1.dll

dbghelp: loaded successfully - version: 4.0.5 - missing functions: none
symbol engine: initialized successfully - sym options: 0x614 - pdb path: .;C:\Program Files\Java\jdk-20\bin;C:\Windows\SYSTEM32;C:\Windows\WinSxS\amd64_microsoft.windows.common-controls_6595b64144ccf1df_6.0.19041.1110_none_60b5254171f9507e;C:\Program Files\Java\jdk-20\bin\server

VM Arguments:
jvm_args: -XX:+ShowCodeDetailsInExceptionMessages -agentlib:jdwp=transport=dt_socket,suspend=y,address=localhost:59360 -Dcom.sun.management.jmxremote -Dcom.sun.management.jmxremote.port=59359 -Dcom.sun.management.jmxremote.authenticate=false -Dcom.sun.management.jmxremote.ssl=false -Djava.rmi.server.hostname=localhost -Dspring.jmx.enabled=true -Dmanagement.endpoints.jmx.exposure.include=* -Dspring.application.admin.enabled=true -XX:TieredStopAtLevel=1 -Dspring.boot.project.name=demo -javaagent:C:\Users\Usuario\eclipse\java-2023-03\eclipse\configuration\org.eclipse.osgi\231\0\.cp\lib\javaagent-shaded.jar -Dfile.encoding=UTF-8 
java_command: com.example.demo.DemoApplication --spring.output.ansi.enabled=always
java_class_path (initial): C:\Users\Usuario\Desktop\demo\target\classes;C:\Users\Usuario\.m2\repository\org\springframework\boot\spring-boot-starter-data-jpa\3.0.6\spring-boot-starter-data-jpa-3.0.6.jar;C:\Users\Usuario\.m2\repository\org\springframework\boot\spring-boot-starter-aop\3.0.6\spring-boot-starter-aop-3.0.6.jar;C:\Users\Usuario\.m2\repository\org\springframework\spring-aop\6.0.8\spring-aop-6.0.8.jar;C:\Users\Usuario\.m2\repository\org\aspectj\aspectjweaver\1.9.19\aspectjweaver-1.9.19.jar;C:\Users\Usuario\.m2\repository\org\springframework\boot\spring-boot-starter-jdbc\3.0.6\spring-boot-starter-jdbc-3.0.6.jar;C:\Users\Usuario\.m2\repository\com\zaxxer\HikariCP\5.0.1\HikariCP-5.0.1.jar;C:\Users\Usuario\.m2\repository\org\springframework\spring-jdbc\6.0.8\spring-jdbc-6.0.8.jar;C:\Users\Usuario\.m2\repository\org\hibernate\orm\hibernate-core\6.1.7.Final\hibernate-core-6.1.7.Final.jar;C:\Users\Usuario\.m2\repository\jakarta\persistence\jakarta.persistence-api\3.1.0\jakarta.persistence-api-3.1.0.jar;C:\Users\Usuario\.m2\repository\jakarta\transaction\jakarta.transaction-api\2.0.1\jakarta.transaction-api-2.0.1.jar;C:\Users\Usuario\.m2\repository\org\jboss\logging\jboss-logging\3.5.0.Final\jboss-logging-3.5.0.Final.jar;C:\Users\Usuario\.m2\repository\org\hibernate\common\hibernate-commons-annotations\6.0.6.Final\hibernate-commons-annotations-6.0.6.Final.jar;C:\Users\Usuario\.m2\repository\org\jboss\jandex\2.4.2.Final\jandex-2.4.2.Final.jar;C:\Users\Usuario\.m2\repository\com\fasterxml\classmate\1.5.1\classmate-1.5.1.jar;C:\Users\Usuario\.m2\repository\net\bytebuddy\byte-buddy\1.12.23\byte-buddy-1.12.23.jar;C:\Users\Usuario\.m2\repository\org\glassfish\jaxb\jaxb-runtime\4.0.2\jaxb-runtime-4.0.2.jar;C:\Users\Usuario\.m2\repository\org\glassfish\jaxb\jaxb-core\4.0.2\jaxb-core-4.0.2.jar;C:\Users\Usuario\.m2\repository\org\eclipse\angus\angus-activation\2.0.0\angus-activation-2.0.0.jar;C:\Users\Usuario\.m2\repository\org\glassfish\jaxb\txw2\4.0.2\txw2-4.0.2.jar;C:\Users\Usuario\.m2\repository\com\sun\istack\istack-commons-runtime\4.1.1\istack-commons-runtime-4.1.1.jar;C:\Users\Usuario\.m2\repository\jakarta\inject\jakarta.inject-api\2.0.0\jakarta.inject-api-2.0.0.jar;C:\Users\Usuario\.m2\repository\org\antlr\antlr4-runtime\4.10.1\antlr4-runtime-4.10.1.jar;C:\Users\Usuario\.m2\repository\org\springframework\data\spring-data-jpa\3.0.5\spring-data-jpa-3.0.5.jar;C:\Users\Usuario\.m2\repository\org\springframework\data\spring-data-commons\3.0.5\spring-data-commons-3.0.5.jar;C:\Users\Usuario\.m2\repository\org\springframework\spring-orm\6.0.8\spring-orm-6.0.8.jar;C:\Users\Usuario\.m2\repository\org\springframework\spring-context\6.0.8\spring-context-6.0.8.jar;C:\Users\Usuario\.m2\repository\org\springframework\spring-tx\6.0.8\spring-tx-6.0.8.jar;C:\Users\Usuario\.m2\repository\org\springframework\spring-beans\6.0.8\spring-beans-6.0.8.jar;C:\Users\Usuario\.m2\repository\jakarta\annotation\jakarta.annotation-api\2.1.1\jakarta.annotation-api-2.1.1.jar;C:\Users\Usuario\.m2\repository\org\slf4j\slf4j-api\2.0.7\slf4j-api-2.0.7.jar;C:\Users\Usuario\.m2\repository\org\springframework\spring-aspects\6.0.8\spring-aspects-6.0.8.jar;C:\Users\Usuario\.m2\repository\org\springframework\boot\spring-boot-starter-web\3.0.6\spring-boot-starter-web-3.0.6.jar;C:\Users\Usuario\.m2\repository\org\springframework\boot\spring-boot-starter\3.0.6\spring-boot-starter-3.0.6.jar;C:\Users\Usuario\.m2\repository\org\springframework\boot\spring-boot-starter-logging\3.0.6\spring-boot-starter-logging-3.0.6.jar;C:\Users\Usuario\.m2\repository\ch\qos\logback\logback-classic\1.4.7\logback-classic-1.4.7.jar;C:\Users\Usuario\.m2\repository\ch\qos\logback\logback-core\1.4.7\logback-core-1.4.7.jar;C:\Users\Usuario\.m2\repository\org\apache\logging\log4j\log4j-to-slf4j\2.19.0\log4j-to-slf4j-2.19.0.jar;C:\Users\Usuario\.m2\repository\org\apache\logging\log4j\log4j-api\2.19.0\log4j-api-2.19.0.jar;C:\Users\Usuario\.m2\repository\org\slf4j\jul-to-slf4j\2.0.7\jul-to-slf4j-2.0.7.jar;C:\Users\Usuario\.m2\repository\org\yaml\snakeyaml\1.33\snakeyaml-1.33.jar;C:\Users\Usuario\.m2\repository\org\springframework\boot\spring-boot-starter-json\3.0.6\spring-boot-starter-json-3.0.6.jar;C:\Users\Usuario\.m2\repository\com\fasterxml\jackson\core\jackson-databind\2.14.2\jackson-databind-2.14.2.jar;C:\Users\Usuario\.m2\repository\com\fasterxml\jackson\core\jackson-annotations\2.14.2\jackson-annotations-2.14.2.jar;C:\Users\Usuario\.m2\repository\com\fasterxml\jackson\core\jackson-core\2.14.2\jackson-core-2.14.2.jar;C:\Users\Usuario\.m2\repository\com\fasterxml\jackson\datatype\jackson-datatype-jdk8\2.14.2\jackson-datatype-jdk8-2.14.2.jar;C:\Users\Usuario\.m2\repository\com\fasterxml\jackson\datatype\jackson-datatype-jsr310\2.14.2\jackson-datatype-jsr310-2.14.2.jar;C:\Users\Usuario\.m2\repository\com\fasterxml\jackson\module\jackson-module-parameter-names\2.14.2\jackson-module-parameter-names-2.14.2.jar;C:\Users\Usuario\.m2\repository\org\springframework\boot\spring-boot-starter-tomcat\3.0.6\spring-boot-starter-tomcat-3.0.6.jar;C:\Users\Usuario\.m2\repository\org\apache\tomcat\embed\tomcat-embed-core\10.1.8\tomcat-embed-core-10.1.8.jar;C:\Users\Usuario\.m2\repository\org\apache\tomcat\embed\tomcat-embed-el\10.1.8\tomcat-embed-el-10.1.8.jar;C:\Users\Usuario\.m2\repository\org\apache\tomcat\embed\tomcat-embed-websocket\10.1.8\tomcat-embed-websocket-10.1.8.jar;C:\Users\Usuario\.m2\repository\org\springframework\spring-web\6.0.8\spring-web-6.0.8.jar;C:\Users\Usuario\.m2\repository\io\micrometer\micrometer-observation\1.10.6\micrometer-observation-1.10.6.jar;C:\Users\Usuario\.m2\repository\io\micrometer\micrometer-commons\1.10.6\micrometer-commons-1.10.6.jar;C:\Users\Usuario\.m2\repository\org\springframework\spring-webmvc\6.0.8\spring-webmvc-6.0.8.jar;C:\Users\Usuario\.m2\repository\org\springframework\spring-expression\6.0.8\spring-expression-6.0.8.jar;C:\Users\Usuario\.m2\repository\org\springframework\boot\spring-boot-devtools\3.0.6\spring-boot-devtools-3.0.6.jar;C:\Users\Usuario\.m2\repository\org\springframework\boot\spring-boot\3.0.6\spring-boot-3.0.6.jar;C:\Users\Usuario\.m2\repository\org\springframework\boot\spring-boot-autoconfigure\3.0.6\spring-boot-autoconfigure-3.0.6.jar;C:\Users\Usuario\.m2\repository\com\mysql\mysql-connector-j\8.0.33\mysql-connector-j-8.0.33.jar;C:\Users\Usuario\.m2\repository\jakarta\xml\bind\jakarta.xml.bind-api\4.0.0\jakarta.xml.bind-api-4.0.0.jar;C:\Users\Usuario\.m2\repository\jakarta\activation\jakarta.activation-api\2.1.1\jakarta.activation-api-2.1.1.jar;C:\Users\Usuario\.m2\repository\org\springframework\spring-core\6.0.8\spring-core-6.0.8.jar;C:\Users\Usuario\.m2\repository\org\springframework\spring-jcl\6.0.8\spring-jcl-6.0.8.jar;C:\Users\Usuario\.m2\repository\org\hibernate\javax\persistence\hibernate-jpa-2.1-api\1.0.0.Final\hibernate-jpa-2.1-api-1.0.0.Final.jar
Launcher Type: SUN_STANDARD

[Global flags]
     intx CICompilerCount                          = 4                                         {product} {ergonomic}
     uint ConcGCThreads                            = 3                                         {product} {ergonomic}
     uint G1ConcRefinementThreads                  = 10                                        {product} {ergonomic}
   size_t G1HeapRegionSize                         = 1048576                                   {product} {ergonomic}
    uintx GCDrainStackTargetSize                   = 64                                        {product} {ergonomic}
   size_t InitialHeapSize                          = 127926272                                 {product} {ergonomic}
     bool ManagementServer                         = true                                      {product} {command line}
   size_t MarkStackSize                            = 4194304                                   {product} {ergonomic}
   size_t MaxHeapSize                              = 2044723200                                {product} {ergonomic}
   size_t MaxNewSize                               = 1226833920                                {product} {ergonomic}
   size_t MinHeapDeltaBytes                        = 1048576                                   {product} {ergonomic}
   size_t MinHeapSize                              = 8388608                                   {product} {ergonomic}
    uintx NonProfiledCodeHeapSize                  = 0                                      {pd product} {ergonomic}
     bool ProfileInterpreter                       = false                                  {pd product} {command line}
    uintx ProfiledCodeHeapSize                     = 0                                      {pd product} {ergonomic}
     bool ShowCodeDetailsInExceptionMessages       = true                                   {manageable} {command line}
   size_t SoftMaxHeapSize                          = 2044723200                             {manageable} {ergonomic}
     intx TieredStopAtLevel                        = 1                                         {product} {command line}
     bool UseCompressedClassPointers               = true                           {product lp64_product} {ergonomic}
     bool UseCompressedOops                        = true                           {product lp64_product} {ergonomic}
     bool UseG1GC                                  = true                                      {product} {ergonomic}
     bool UseLargePagesIndividualAllocation        = false                                  {pd product} {ergonomic}

Logging:
Log output configuration:
 #0: stdout all=warning uptime,level,tags foldmultilines=false
 #1: stderr all=off uptime,level,tags foldmultilines=false

Environment Variables:
PATH=C:/Program Files/Java/jdk-20/bin/server;C:/Program Files/Java/jdk-20/bin;C:\Program Files\Common Files\Oracle\Java\javapath;C:\Windows\system32;C:\Windows;C:\Windows\System32\Wbem;C:\Windows\System32\WindowsPowerShell\v1.0\;C:\Windows\System32\OpenSSH\;C:\Program Files\Git\cmd;C:\Program Files\nodejs\;C:\Program Files\MySQL\MySQL Shell 8.0\bin\;C:\Users\Usuario\AppData\Local\Microsoft\WindowsApps;C:\Users\Usuario\AppData\Roaming\npm;C:\Users\Usuario\AppData\Local\GitHubDesktop\bin;C:\Users\Usuario\AppData\Local\Programs\Microsoft VS Code\bin;C:\Program Files\Java\jdk-20\bin;;C:\Windows\System32;
USERNAME=Usuario
OS=Windows_NT
PROCESSOR_IDENTIFIER=Intel64 Family 6 Model 165 Stepping 3, GenuineIntel
TMP=C:\Users\Usuario\AppData\Local\Temp
TEMP=C:\Users\Usuario\AppData\Local\Temp




---------------  S Y S T E M  ---------------

OS:
 Windows 10 , 64 bit Build 19041 (10.0.19041.2546)
OS uptime: 5 days 23:56 hours

CPU: total 12 (initial active 12) (6 cores per cpu, 2 threads per core) family 6 model 165 stepping 3 microcode 0xe0, cx8, cmov, fxsr, ht, mmx, 3dnowpref, sse, sse2, sse3, ssse3, sse4.1, sse4.2, popcnt, lzcnt, tsc, tscinvbit, avx, avx2, aes, erms, clmul, bmi1, bmi2, adx, fma, vzeroupper, clflush, clflushopt, rdtscp, f16c

Memory: 4k page, system-wide physical 7795M (1468M free)
TotalPageFile size 13799M (AvailPageFile size 2583M)
current process WorkingSet (physical memory assigned to process): 188M, peak: 191M
current process commit charge ("private bytes"): 235M, peak: 245M

vm_info: Java HotSpot(TM) 64-Bit Server VM (20+36-2344) for windows-amd64 JRE (20+36-2344), built on 2023-02-10T19:30:15Z by "mach5one" with MS VC++ 17.1 (VS2022)

END.
